<?xml version="1.0" encoding="UTF-8"?>
<!-- Generated by org.testng.reporters.JUnitXMLReporter -->
<testsuite ignored="0" hostname="PC177" failures="1" tests="5" name="Test" time="18.221" errors="0" timestamp="2025-01-05T11:11:41 EST">
  <testcase classname="demo_qa.Login" name="Verify_Login_with_Invalid_credential" time="2.015"/>
  <testcase classname="demo_qa.Login" name="Verify_user_can_log_in_with_valid_credential" time="1.906"/>
  <testcase classname="demo_qa.Login" name="Verify_Logout" time="2.12"/>
  <testcase classname="demo_qa.Verify_Dashboard" name="verify_SidePanel_List" time="2.245"/>
  <testcase classname="demo_qa.Verify_Dashboard" name="verify_Admin_Module_Heading" time="1.507">
    <failure type="java.lang.AssertionError" message="Expected and Acrual is not match expected [Admin] but found [User Management]">
      <![CDATA[java.lang.AssertionError: Expected and Acrual is not match expected [Admin] but found [User Management]
at demo_qa.Verify_Dashboard.verify_Admin_Module_Heading(Verify_Dashboard.java:33)
at java.base/java.util.ArrayList.forEach(ArrayList.java:1511)
... Removed 32 stack frames]]>
    </failure>
  </testcase> <!-- verify_Admin_Module_Heading -->
</testsuite> <!-- Test -->
